<?xml version="1.0" encoding="UTF-8"?>
<!-- Generated by org.testng.reporters.JUnitReportReporter -->
<testsuite skipped="0" hostname="SHREEYA-MALHAR" name="com.test.JenkinsProject.TrackoProject" tests="1" failures="0" timestamp="29 Dec 2017 11:03:02 GMT" time="34.430" errors="0">
  <testcase name="testOne" time="34.430" classname="com.test.JenkinsProject.TrackoProject"/>
</testsuite> <!-- com.test.JenkinsProject.TrackoProject -->
