<?xml version="1.0" encoding="UTF-8"?>
<!-- Generated by org.testng.reporters.JUnitReportReporter -->
<testsuite hostname="Lenovo-PC" name="com.test.JenkinsProject.TrackoProject" tests="1" failures="0" timestamp="9 Sep 2017 11:28:49 GMT" time="0.031" errors="0">
  <testcase name="f" time="0.031" classname="com.test.JenkinsProject.TrackoProject"/>
</testsuite> <!-- com.test.JenkinsProject.TrackoProject -->
